
Uygulama başlatma hatası [18.04.2025 09:26:02]
Exception: Invalid value for endpoint property, it must be a valid URI. (Parameter 'connectionString')
Stack Trace:    at Microsoft.Azure.SignalR.ConnectionStringParser.Parse(String connectionString)
   at Microsoft.Azure.SignalR.ServiceEndpoint..ctor(String connectionString, EndpointType type, String name)
   at Microsoft.Azure.SignalR.ServiceEndpointUtility.Merge(String connectionString, IEnumerable`1 endpoints)+MoveNext()
   at System.Linq.Enumerable.DistinctIterator`1.MoveNext()
   at System.Linq.Lookup`2.Create(IEnumerable`1 source, Func`2 keySelector, IEqualityComparer`1 comparer)
   at System.Linq.GroupedEnumerable`2.GetEnumerator()
   at System.Linq.Enumerable.SelectEnumerableIterator`2.MoveNext()
   at System.Linq.Enumerable.ToDictionary[TSource,TKey,TElement](IEnumerable`1 source, Func`2 keySelector, Func`2 elementSelector, IEqualityComparer`1 comparer)
   at Microsoft.Azure.SignalR.ServiceEndpointManagerBase.GetValuableEndpoints(IEnumerable`1 endpoints)
   at Microsoft.Azure.SignalR.ServiceEndpointManagerBase..ctor(IEnumerable`1 endpoints, ILogger logger)
   at Microsoft.Azure.SignalR.ServiceEndpointManagerBase..ctor(IServiceEndpointOptions options, ILogger logger)
   at Microsoft.Azure.SignalR.ServiceEndpointManager..ctor(IOptionsMonitor`1 optionsMonitor, ILoggerFactory loggerFactory)
   at System.RuntimeMethodHandle.InvokeMethod(Object target, Void** arguments, Signature sig, Boolean isConstructor)
   at System.Reflection.MethodBaseInvoker.InvokeDirectByRefWithFewArgs(Object obj, Span`1 copyOfArgs, BindingFlags invokeAttr)
   at System.Reflection.MethodBaseInvoker.InvokeWithFewArgs(Object obj, BindingFlags invokeAttr, Binder binder, Object[] parameters, CultureInfo culture)
   at System.Reflection.RuntimeConstructorInfo.Invoke(BindingFlags invokeAttr, Binder binder, Object[] parameters, CultureInfo culture)
   at Microsoft.Extensions.DependencyInjection.ServiceLookup.CallSiteRuntimeResolver.VisitConstructor(ConstructorCallSite constructorCallSite, RuntimeResolverContext context)
   at Microsoft.Extensions.DependencyInjection.ServiceLookup.CallSiteVisitor`2.VisitCallSiteMain(ServiceCallSite callSite, TArgument argument)
   at Microsoft.Extensions.DependencyInjection.ServiceLookup.CallSiteRuntimeResolver.VisitRootCache(ServiceCallSite callSite, RuntimeResolverContext context)
   at Microsoft.Extensions.DependencyInjection.ServiceLookup.CallSiteVisitor`2.VisitCallSite(ServiceCallSite callSite, TArgument argument)
   at Microsoft.Extensions.DependencyInjection.ServiceLookup.CallSiteRuntimeResolver.VisitConstructor(ConstructorCallSite constructorCallSite, RuntimeResolverContext context)
   at Microsoft.Extensions.DependencyInjection.ServiceLookup.CallSiteVisitor`2.VisitCallSiteMain(ServiceCallSite callSite, TArgument argument)
   at Microsoft.Extensions.DependencyInjection.ServiceLookup.CallSiteRuntimeResolver.VisitRootCache(ServiceCallSite callSite, RuntimeResolverContext context)
   at Microsoft.Extensions.DependencyInjection.ServiceLookup.CallSiteVisitor`2.VisitCallSite(ServiceCallSite callSite, TArgument argument)
   at Microsoft.Extensions.DependencyInjection.ServiceLookup.CallSiteRuntimeResolver.VisitConstructor(ConstructorCallSite constructorCallSite, RuntimeResolverContext context)
   at Microsoft.Extensions.DependencyInjection.ServiceLookup.CallSiteVisitor`2.VisitCallSiteMain(ServiceCallSite callSite, TArgument argument)
   at Microsoft.Extensions.DependencyInjection.ServiceLookup.CallSiteRuntimeResolver.VisitRootCache(ServiceCallSite callSite, RuntimeResolverContext context)
   at Microsoft.Extensions.DependencyInjection.ServiceLookup.CallSiteVisitor`2.VisitCallSite(ServiceCallSite callSite, TArgument argument)
   at Microsoft.Extensions.DependencyInjection.ServiceLookup.CallSiteRuntimeResolver.VisitConstructor(ConstructorCallSite constructorCallSite, RuntimeResolverContext context)
   at Microsoft.Extensions.DependencyInjection.ServiceLookup.CallSiteVisitor`2.VisitCallSiteMain(ServiceCallSite callSite, TArgument argument)
   at Microsoft.Extensions.DependencyInjection.ServiceLookup.CallSiteRuntimeResolver.VisitRootCache(ServiceCallSite callSite, RuntimeResolverContext context)
   at Microsoft.Extensions.DependencyInjection.ServiceLookup.CallSiteVisitor`2.VisitCallSite(ServiceCallSite callSite, TArgument argument)
   at Microsoft.Extensions.DependencyInjection.ServiceLookup.CallSiteRuntimeResolver.Resolve(ServiceCallSite callSite, ServiceProviderEngineScope scope)
   at Microsoft.Extensions.DependencyInjection.ServiceProvider.CreateServiceAccessor(ServiceIdentifier serviceIdentifier)
   at System.Collections.Concurrent.ConcurrentDictionary`2.GetOrAdd(TKey key, Func`2 valueFactory)
   at Microsoft.Extensions.DependencyInjection.ServiceProvider.GetService(ServiceIdentifier serviceIdentifier, ServiceProviderEngineScope serviceProviderEngineScope)
   at Microsoft.Extensions.DependencyInjection.ServiceProvider.GetService(Type serviceType)
   at Microsoft.Extensions.Internal.ActivatorUtilities.GetServiceOrCreateInstance[T](IServiceProvider provider)
   at Microsoft.AspNetCore.Connections.ConnectionBuilderExtensions.UseConnectionHandler[TConnectionHandler](IConnectionBuilder connectionBuilder)
   at Microsoft.AspNetCore.Builder.HubEndpointRouteBuilderExtensions.<>c__2`1.<MapHub>b__2_0(IConnectionBuilder b)
   at Microsoft.AspNetCore.Builder.ConnectionEndpointRouteBuilderExtensions.MapConnections(IEndpointRouteBuilder endpoints, String pattern, HttpConnectionDispatcherOptions options, Action`1 configure)
   at Microsoft.AspNetCore.Builder.HubEndpointRouteBuilderExtensions.MapHub[THub](IEndpointRouteBuilder endpoints, String pattern, Action`1 configureOptions)
   at Program.<Main>$(String[] args) in C:\Users\user\Desktop\WebPepperCan\WebPepperCan\Program.cs:line 223
Source: Microsoft.Azure.SignalR.Common

Inner Exception: 
Inner Stack Trace: 

Current Directory: C:\Users\user\Desktop\WebPepperCan\WebPepperCan
